DEBUG    [2018-01-26 11:44:13,499] Starting new HTTPS connection (1): api.telegram.org
DEBUG    [2018-01-26 11:44:19,505] https://api.telegram.org:443 "GET /bot498694895:AAEmnTf3mAcoffpWgIfuE0p8J98cpV1sqgs/getUpdates?offset=1&timeout=20 HTTP/1.1" 200 425
INFO     [2018-01-26 11:44:19,506] Пользователь -- German(209715848): начата работа с ботом, нажата кнопка /start или Гавное меню
INFO     [2018-01-26 11:44:19,506] Пользователь -- German(209715848): отрисовка главного меню
DEBUG    [2018-01-26 11:44:19,510] Starting new HTTPS connection (1): api.telegram.org
DEBUG    [2018-01-26 11:44:22,300] https://api.telegram.org:443 "POST /bot498694895:AAEmnTf3mAcoffpWgIfuE0p8J98cpV1sqgs/sendMessage?chat_id=209715848&text=%D0%9F%D1%80%D0%B8%D0%B2%D0%B5%D1%82%D1%81%D1%82%D0%B2%D1%83%D1%8E+%D1%82%D0%B5%D0%B1%D1%8F%2C+German%2C+%D1%87%D1%82%D0%BE+%D0%B6%D0%B5%D0%BB%D0%B0%D0%B5%D1%88%D1%8C%3F&reply_markup=%7B%22keyboard%22%3A+%5B%5B%7B%22text%22%3A+%22%5Cu0414%5Cu043e%5Cu0441%5Cu0442%5Cu0443%5Cu043f%5Cu043d%5Cu044b%5Cu0435+%5Cu0438%5Cu0433%5Cu0440%5Cu044b%5Cud83d%5Cudcf2%22%7D%2C+%7B%22text%22%3A+%22%5Cu041b%5Cu0438%5Cu0434%5Cu0435%5Cu0440%5Cu044b+%5Cu043f%5Cu043e+%5Cu0438%5Cu0433%5Cu0440%5Cu0430%5Cu043c%5Cu269c%5Cufe0f%22%7D%5D%2C+%5B%7B%22text%22%3A+%22%5Cu0421%5Cu043f%5Cu0440%5Cu0430%5Cu0432%5Cu043a%5Cu0430%5Cud83c%5Cudf1a%22%7D%5D%5D%7D HTTP/1.1" 200 478
DEBUG    [2018-01-26 11:44:40,830] https://api.telegram.org:443 "GET /bot498694895:AAEmnTf3mAcoffpWgIfuE0p8J98cpV1sqgs/getUpdates?offset=534484930&timeout=20 HTTP/1.1" 200 23
DEBUG    [2018-01-26 11:44:46,699] https://api.telegram.org:443 "GET /bot498694895:AAEmnTf3mAcoffpWgIfuE0p8J98cpV1sqgs/getUpdates?offset=534484930&timeout=20 HTTP/1.1" 200 452
INFO     [2018-01-26 11:44:46,700] Пользователь -- German(209715848): нажата кнопка "Доступные книги"
DEBUG    [2018-01-26 11:44:47,109] https://api.telegram.org:443 "POST /bot498694895:AAEmnTf3mAcoffpWgIfuE0p8J98cpV1sqgs/sendMessage?chat_id=209715848&text=%D0%92%D0%BE%D1%82+%D1%82%D0%B5%D0%B1%D0%B5+%D1%81%D0%BF%D0%B8%D1%81%D0%BE%D0%BA+%D0%B4%D0%BE%D1%81%D1%82%D1%83%D0%BF%D0%BD%D1%8B%D1%85+%D0%B8%D0%B3%D1%80%3A&reply_markup=%7B%22keyboard%22%3A+%5B%5B%7B%22text%22%3A+%22%5Cu041a%5Cu0432%5Cu0435%5Cu0441%5Cu0442%5Cud83d%5Cudeb8%22%7D%2C+%7B%22text%22%3A+%22%5Cu0413%5Cu043b%5Cu0430%5Cu0432%5Cu043d%5Cu043e%5Cu0435+%5Cu043c%5Cu0435%5Cu043d%5Cu044e%5Cu2705%22%7D%5D%5D%7D HTTP/1.1" 200 470
DEBUG    [2018-01-26 11:44:56,822] https://api.telegram.org:443 "GET /bot498694895:AAEmnTf3mAcoffpWgIfuE0p8J98cpV1sqgs/getUpdates?offset=534484931&timeout=20 HTTP/1.1" 200 434
INFO     [2018-01-26 11:44:56,824] Пользователь -- German(209715848): начата работа с ботом, нажата кнопка /start или Гавное меню
INFO     [2018-01-26 11:44:56,824] Пользователь -- German(209715848): отрисовка главного меню
DEBUG    [2018-01-26 11:45:00,780] https://api.telegram.org:443 "POST /bot498694895:AAEmnTf3mAcoffpWgIfuE0p8J98cpV1sqgs/sendMessage?chat_id=209715848&text=%D0%9F%D1%80%D0%B8%D0%B2%D0%B5%D1%82%D1%81%D1%82%D0%B2%D1%83%D1%8E+%D1%82%D0%B5%D0%B1%D1%8F%2C+German%2C+%D1%87%D1%82%D0%BE+%D0%B6%D0%B5%D0%BB%D0%B0%D0%B5%D1%88%D1%8C%3F&reply_markup=%7B%22keyboard%22%3A+%5B%5B%7B%22text%22%3A+%22%5Cu0414%5Cu043e%5Cu0441%5Cu0442%5Cu0443%5Cu043f%5Cu043d%5Cu044b%5Cu0435+%5Cu0438%5Cu0433%5Cu0440%5Cu044b%5Cud83d%5Cudcf2%22%7D%2C+%7B%22text%22%3A+%22%5Cu041b%5Cu0438%5Cu0434%5Cu0435%5Cu0440%5Cu044b+%5Cu043f%5Cu043e+%5Cu0438%5Cu0433%5Cu0440%5Cu0430%5Cu043c%5Cu269c%5Cufe0f%22%7D%5D%2C+%5B%7B%22text%22%3A+%22%5Cu0421%5Cu043f%5Cu0440%5Cu0430%5Cu0432%5Cu043a%5Cu0430%5Cud83c%5Cudf1a%22%7D%5D%5D%7D HTTP/1.1" 200 478
DEBUG    [2018-01-26 11:45:13,207] https://api.telegram.org:443 "GET /bot498694895:AAEmnTf3mAcoffpWgIfuE0p8J98cpV1sqgs/getUpdates?offset=534484932&timeout=20 HTTP/1.1" 200 452
INFO     [2018-01-26 11:45:13,208] Пользователь -- German(209715848): нажата кнопка "Доступные книги"
DEBUG    [2018-01-26 11:45:13,212] Starting new HTTPS connection (1): api.telegram.org
DEBUG    [2018-01-26 11:45:13,870] https://api.telegram.org:443 "POST /bot498694895:AAEmnTf3mAcoffpWgIfuE0p8J98cpV1sqgs/sendMessage?chat_id=209715848&text=%D0%92%D0%BE%D1%82+%D1%82%D0%B5%D0%B1%D0%B5+%D1%81%D0%BF%D0%B8%D1%81%D0%BE%D0%BA+%D0%B4%D0%BE%D1%81%D1%82%D1%83%D0%BF%D0%BD%D1%8B%D1%85+%D0%B8%D0%B3%D1%80%3A&reply_markup=%7B%22keyboard%22%3A+%5B%5B%7B%22text%22%3A+%22%5Cu041a%5Cu0432%5Cu0435%5Cu0441%5Cu0442%5Cud83d%5Cudeb8%22%7D%2C+%7B%22text%22%3A+%22%5Cu0413%5Cu043b%5Cu0430%5Cu0432%5Cu043d%5Cu043e%5Cu0435+%5Cu043c%5Cu0435%5Cu043d%5Cu044e%5Cu2705%22%7D%5D%5D%7D HTTP/1.1" 200 470
DEBUG    [2018-01-26 11:45:20,131] https://api.telegram.org:443 "GET /bot498694895:AAEmnTf3mAcoffpWgIfuE0p8J98cpV1sqgs/getUpdates?offset=534484933&timeout=20 HTTP/1.1" 200 403
INFO     [2018-01-26 11:45:20,132] Пользователь -- German(209715848): Нажата кнопка Квест
DEBUG    [2018-01-26 11:45:20,237] https://api.telegram.org:443 "POST /bot498694895:AAEmnTf3mAcoffpWgIfuE0p8J98cpV1sqgs/sendMessage?chat_id=209715848&text=%D0%A2%D0%B8%D0%BF%D0%BE+%D0%BE%D0%BF%D0%B8%D1%81%D0%B0%D0%BD%D0%B8%D0%B5+%D0%B8%D0%B3%D1%80%D1%8B&reply_markup=%7B%22keyboard%22%3A+%5B%5B%7B%22text%22%3A+%22%5Cu041d%5Cu0430%5Cu0447%5Cu0430%5Cu0442%5Cu044c+%5Cu0438%5Cu0433%5Cu0440%5Cu0443%5Cu26f3%5Cufe0f%22%7D%2C+%7B%22text%22%3A+%22%5Cu0420%5Cu0435%5Cu0439%5Cu0442%5Cu0438%5Cu043d%5Cu0433%5Cud83d%5Cudcca%22%7D%5D%2C+%5B%7B%22text%22%3A+%22%5Cu0414%5Cu043e%5Cu0441%5Cu0442%5Cu0443%5Cu043f%5Cu043d%5Cu044b%5Cu0435+%5Cu0438%5Cu0433%5Cu0440%5Cu044b%5Cud83d%5Cudcf2%22%7D%2C+%7B%22text%22%3A+%22%5Cu0413%5Cu043b%5Cu0430%5Cu0432%5Cu043d%5Cu043e%5Cu0435+%5Cu043c%5Cu0435%5Cu043d%5Cu044e%5Cu2705%22%7D%5D%5D%7D HTTP/1.1" 200 413
DEBUG    [2018-01-26 11:45:21,813] https://api.telegram.org:443 "GET /bot498694895:AAEmnTf3mAcoffpWgIfuE0p8J98cpV1sqgs/getUpdates?offset=534484934&timeout=20 HTTP/1.1" 200 434
INFO     [2018-01-26 11:45:21,814] Пользователь -- German(209715848): начата работа с ботом, нажата кнопка /start или Гавное меню
INFO     [2018-01-26 11:45:21,815] Пользователь -- German(209715848): отрисовка главного меню
DEBUG    [2018-01-26 11:45:21,927] https://api.telegram.org:443 "POST /bot498694895:AAEmnTf3mAcoffpWgIfuE0p8J98cpV1sqgs/sendMessage?chat_id=209715848&text=%D0%9F%D1%80%D0%B8%D0%B2%D0%B5%D1%82%D1%81%D1%82%D0%B2%D1%83%D1%8E+%D1%82%D0%B5%D0%B1%D1%8F%2C+German%2C+%D1%87%D1%82%D0%BE+%D0%B6%D0%B5%D0%BB%D0%B0%D0%B5%D1%88%D1%8C%3F&reply_markup=%7B%22keyboard%22%3A+%5B%5B%7B%22text%22%3A+%22%5Cu0414%5Cu043e%5Cu0441%5Cu0442%5Cu0443%5Cu043f%5Cu043d%5Cu044b%5Cu0435+%5Cu0438%5Cu0433%5Cu0440%5Cu044b%5Cud83d%5Cudcf2%22%7D%2C+%7B%22text%22%3A+%22%5Cu041b%5Cu0438%5Cu0434%5Cu0435%5Cu0440%5Cu044b+%5Cu043f%5Cu043e+%5Cu0438%5Cu0433%5Cu0440%5Cu0430%5Cu043c%5Cu269c%5Cufe0f%22%7D%5D%2C+%5B%7B%22text%22%3A+%22%5Cu0421%5Cu043f%5Cu0440%5Cu0430%5Cu0432%5Cu043a%5Cu0430%5Cud83c%5Cudf1a%22%7D%5D%5D%7D HTTP/1.1" 200 478
DEBUG    [2018-01-26 11:45:32,799] https://api.telegram.org:443 "GET /bot498694895:AAEmnTf3mAcoffpWgIfuE0p8J98cpV1sqgs/getUpdates?offset=534484935&timeout=20 HTTP/1.1" 200 452
INFO     [2018-01-26 11:45:32,800] Пользователь -- German(209715848): нажата кнопка "Доступные книги"
DEBUG    [2018-01-26 11:45:47,438] https://api.telegram.org:443 "POST /bot498694895:AAEmnTf3mAcoffpWgIfuE0p8J98cpV1sqgs/sendMessage?chat_id=209715848&text=%D0%92%D0%BE%D1%82+%D1%82%D0%B5%D0%B1%D0%B5+%D1%81%D0%BF%D0%B8%D1%81%D0%BE%D0%BA+%D0%B4%D0%BE%D1%81%D1%82%D1%83%D0%BF%D0%BD%D1%8B%D1%85+%D0%B8%D0%B3%D1%80%3A&reply_markup=%7B%22keyboard%22%3A+%5B%5B%7B%22text%22%3A+%22%5Cu041a%5Cu0432%5Cu0435%5Cu0441%5Cu0442%5Cud83d%5Cudeb8%22%7D%2C+%7B%22text%22%3A+%22%5Cu0413%5Cu043b%5Cu0430%5Cu0432%5Cu043d%5Cu043e%5Cu0435+%5Cu043c%5Cu0435%5Cu043d%5Cu044e%5Cu2705%22%7D%5D%5D%7D HTTP/1.1" 200 470
DEBUG    [2018-01-26 11:45:52,829] https://api.telegram.org:443 "GET /bot498694895:AAEmnTf3mAcoffpWgIfuE0p8J98cpV1sqgs/getUpdates?offset=534484936&timeout=20 HTTP/1.1" 200 403
INFO     [2018-01-26 11:45:52,830] Пользователь -- German(209715848): Нажата кнопка Квест
DEBUG    [2018-01-26 11:45:56,098] https://api.telegram.org:443 "POST /bot498694895:AAEmnTf3mAcoffpWgIfuE0p8J98cpV1sqgs/sendMessage?chat_id=209715848&text=%D0%A2%D0%B8%D0%BF%D0%BE+%D0%BE%D0%BF%D0%B8%D1%81%D0%B0%D0%BD%D0%B8%D0%B5+%D0%B8%D0%B3%D1%80%D1%8B&reply_markup=%7B%22keyboard%22%3A+%5B%5B%7B%22text%22%3A+%22%5Cu041d%5Cu0430%5Cu0447%5Cu0430%5Cu0442%5Cu044c+%5Cu0438%5Cu0433%5Cu0440%5Cu0443%5Cu26f3%5Cufe0f%22%7D%2C+%7B%22text%22%3A+%22%5Cu0420%5Cu0435%5Cu0439%5Cu0442%5Cu0438%5Cu043d%5Cu0433%5Cud83d%5Cudcca%22%7D%5D%2C+%5B%7B%22text%22%3A+%22%5Cu0414%5Cu043e%5Cu0441%5Cu0442%5Cu0443%5Cu043f%5Cu043d%5Cu044b%5Cu0435+%5Cu0438%5Cu0433%5Cu0440%5Cu044b%5Cud83d%5Cudcf2%22%7D%2C+%7B%22text%22%3A+%22%5Cu0413%5Cu043b%5Cu0430%5Cu0432%5Cu043d%5Cu043e%5Cu0435+%5Cu043c%5Cu0435%5Cu043d%5Cu044e%5Cu2705%22%7D%5D%5D%7D HTTP/1.1" 200 413
DEBUG    [2018-01-26 11:46:04,358] https://api.telegram.org:443 "GET /bot498694895:AAEmnTf3mAcoffpWgIfuE0p8J98cpV1sqgs/getUpdates?offset=534484937&timeout=20 HTTP/1.1" 200 434
INFO     [2018-01-26 11:46:04,389] Пользователь -- German(209715848): начала игру
DEBUG    [2018-01-26 11:46:04,391] ('SELECT "t1"."id", "t1"."user_name", "t1"."user_surname", "t1"."user_id", "t1"."user_level", "t1"."user_start_game", "t1"."user_end_game" FROM "user" AS t1 WHERE ("t1"."user_id" = ?) LIMIT 1 OFFSET 0', [209715848])
INFO     [2018-01-26 11:46:04,395] Пользователь -- German(209715848): поиск пользователя в бд
INFO     [2018-01-26 11:46:04,395] Пользователь -- German(209715848): найден в бд
DEBUG    [2018-01-26 11:46:04,517] https://api.telegram.org:443 "POST /bot498694895:AAEmnTf3mAcoffpWgIfuE0p8J98cpV1sqgs/sendMessage?chat_id=209715848&text=%D0%A2%D1%8B+%D1%83%D0%B6%D0%B5+%D0%B2+%D0%B8%D0%B3%D1%80%D0%B5+German HTTP/1.1" 200 385
DEBUG    [2018-01-26 11:46:04,517] ('SELECT "t1"."id", "t1"."user_name", "t1"."user_surname", "t1"."user_id", "t1"."user_level", "t1"."user_start_game", "t1"."user_end_game" FROM "user" AS t1 WHERE ("t1"."user_id" = ?) LIMIT 1 OFFSET 0', [209715848])
DEBUG    [2018-01-26 11:46:04,646] https://api.telegram.org:443 "POST /bot498694895:AAEmnTf3mAcoffpWgIfuE0p8J98cpV1sqgs/sendMessage?chat_id=209715848&text=%D0%A2%D0%B2%D0%BE%D0%B9+%D1%83%D1%80%D0%BE%D0%B2%D0%B5%D0%BD%D1%8C%3A+0 HTTP/1.1" 200 385
DEBUG    [2018-01-26 11:46:29,550] https://api.telegram.org:443 "GET /bot498694895:AAEmnTf3mAcoffpWgIfuE0p8J98cpV1sqgs/getUpdates?offset=534484938&timeout=20 HTTP/1.1" 200 23
